Hint: * Converting file C:\Users\rzfzr\Desktop\GitGud\Delphi-Conversion\Absorvância - PIC-SC 0.1\converted\extractrgb.dpr *
Hint: Added defines -dBorland -dVer150 -dDelphi7 -dCompiler6_Up -dPUREPASCAL in custom options
Hint: Found all unit files
Hint: * Fixing used units for file C:\Users\rzfzr\Desktop\GitGud\Delphi-Conversion\Absorvância - PIC-SC 0.1\converted\extractrgb.dpr *
Hint: 
Hint: *** Converting unit files belonging to project/package ***
Hint: * Converting file C:\Users\rzfzr\Desktop\GitGud\Delphi-Conversion\Absorvância - PIC-SC 0.1\converted\mainunit.pas *
Hint: Changed encoding from cp1252 to UTF-8
Hint: Changed encoding from cp1252 to UTF-8
Hint: Removed unit "jpeg" in uses section.
Hint: Replaced unit "Windows" with "LCLIntf, LCLType, LMessages" in uses section.
Hint: * Converting file C:\Users\rzfzr\Desktop\GitGud\Delphi-Conversion\Absorvância - PIC-SC 0.1\converted\Unit1.pas *
Hint: Changed encoding from cp1252 to UTF-8
Hint: Changed encoding from cp1252 to UTF-8
Hint: Removed unit "jpeg" in uses section.
Hint: Replaced unit "Windows" with "LCLIntf, LCLType, LMessages" in uses section.
Hint: * Converting file C:\Users\rzfzr\Desktop\GitGud\Delphi-Conversion\Absorvância - PIC-SC 0.1\converted\Unit2.pas *
Hint: Changed encoding from cp1252 to UTF-8
Hint: Changed encoding from cp1252 to UTF-8
Hint: Removed unit "jpeg" in uses section.
Hint: Replaced unit "Windows" with "LCLIntf, LCLType, LMessages" in uses section.
Hint: * Converting file C:\Users\rzfzr\Desktop\GitGud\Delphi-Conversion\Absorvância - PIC-SC 0.1\converted\Unit3.pas *
Hint: Changed encoding from cp1252 to UTF-8
Hint: Changed encoding from cp1252 to UTF-8
Hint: Replaced unit "Windows" with "LCLIntf, LCLType, LMessages" in uses section.
Hint: 
Hint: *** Fixing used units and Repairing form files ***
Hint: * Repairing form file C:\Users\rzfzr\Desktop\GitGud\Delphi-Conversion\Absorvância - PIC-SC 0.1\converted\mainunit.lfm *
Hint: Removed property "TextHeight".
Hint: Removed property "OldCreateOrder".
Hint: Changed Top coord of TLabel from "36" to "22" inside TGroupBox.
Hint: Changed Left coord of TLabel from "80" to "78" inside TGroupBox.
Hint: Changed Top coord of TLabel from "36" to "22" inside TGroupBox.
Hint: Changed Left coord of TLabel from "7" to "5" inside TGroupBox.
Hint: Changed Top coord of TButton from "56" to "42" inside TGroupBox.
Hint: Changed Left coord of TButton from "24" to "22" inside TGroupBox.
Hint: Changed Top coord of TButton from "24" to "10" inside TGroupBox.
Hint: Changed Left coord of TButton from "40" to "38" inside TGroupBox.
Hint: Changed Top coord of TCheckBox from "48" to "34" inside TGroupBox.
Hint: Changed Left coord of TCheckBox from "9" to "7" inside TGroupBox.
Hint: Changed Top coord of TColorGrid from "72" to "58" inside TGroupBox.
Hint: Changed Left coord of TColorGrid from "25" to "23" inside TGroupBox.
Hint: Changed Top coord of TCheckBox from "24" to "10" inside TGroupBox.
Hint: Changed Left coord of TCheckBox from "9" to "7" inside TGroupBox.
Hint: Changed Top coord of TLabel from "132" to "118" inside TGroupBox.
Hint: Changed Left coord of TLabel from "7" to "5" inside TGroupBox.
Hint: Changed Top coord of TLabel from "116" to "102" inside TGroupBox.
Hint: Changed Left coord of TLabel from "7" to "5" inside TGroupBox.
Hint: Changed Top coord of TLabel from "100" to "86" inside TGroupBox.
Hint: Changed Left coord of TLabel from "7" to "5" inside TGroupBox.
Hint: Changed Top coord of TLabel from "76" to "62" inside TGroupBox.
Hint: Changed Left coord of TLabel from "7" to "5" inside TGroupBox.
Hint: Changed Top coord of TLabel from "60" to "46" inside TGroupBox.
Hint: Changed Left coord of TLabel from "7" to "5" inside TGroupBox.
Hint: Changed Top coord of TLabel from "44" to "30" inside TGroupBox.
Hint: Changed Left coord of TLabel from "7" to "5" inside TGroupBox.
Hint: Changed Top coord of TLabel from "20" to "6" inside TGroupBox.
Hint: Changed Left coord of TLabel from "7" to "5" inside TGroupBox.
Hint: Changed Top coord of TLabel from "236" to "222" inside TGroupBox.
Hint: Changed Left coord of TLabel from "7" to "5" inside TGroupBox.
Hint: Changed Top coord of TLabel from "212" to "198" inside TGroupBox.
Hint: Changed Left coord of TLabel from "7" to "5" inside TGroupBox.
Hint: Changed Top coord of TLabel from "196" to "182" inside TGroupBox.
Hint: Changed Left coord of TLabel from "7" to "5" inside TGroupBox.
Hint: * Fixing used units for file C:\Users\rzfzr\Desktop\GitGud\Delphi-Conversion\Absorvância - PIC-SC 0.1\converted\mainunit.pas *
Hint: * Repairing form file C:\Users\rzfzr\Desktop\GitGud\Delphi-Conversion\Absorvância - PIC-SC 0.1\converted\Unit1.lfm *
Hint: Removed property "TextHeight".
Hint: Removed property "OldCreateOrder".
Hint: Changed Top coord of TEdit from "348" to "334" inside TGroupBox.
Hint: Changed Left coord of TEdit from "149" to "147" inside TGroupBox.
Hint: Changed Top coord of TEdit from "316" to "302" inside TGroupBox.
Hint: Changed Left coord of TEdit from "149" to "147" inside TGroupBox.
Hint: Changed Top coord of TEdit from "252" to "238" inside TGroupBox.
Hint: Changed Left coord of TEdit from "149" to "147" inside TGroupBox.
Hint: Changed Top coord of TEdit from "220" to "206" inside TGroupBox.
Hint: Changed Left coord of TEdit from "149" to "147" inside TGroupBox.
Hint: Changed Top coord of TEdit from "188" to "174" inside TGroupBox.
Hint: Changed Left coord of TEdit from "149" to "147" inside TGroupBox.
Hint: Changed Top coord of TEdit from "156" to "142" inside TGroupBox.
Hint: Changed Left coord of TEdit from "146" to "144" inside TGroupBox.
Hint: Changed Top coord of TEdit from "124" to "110" inside TGroupBox.
Hint: Changed Left coord of TEdit from "146" to "144" inside TGroupBox.
Hint: Changed Top coord of TEdit from "92" to "78" inside TGroupBox.
Hint: Changed Left coord of TEdit from "146" to "144" inside TGroupBox.
Hint: Changed Top coord of TEdit from "60" to "46" inside TGroupBox.
Hint: Changed Left coord of TEdit from "146" to "144" inside TGroupBox.
Hint: Changed Top coord of TEdit from "348" to "334" inside TGroupBox.
Hint: Changed Left coord of TEdit from "80" to "78" inside TGroupBox.
Hint: Changed Top coord of TEdit from "316" to "302" inside TGroupBox.
Hint: Changed Left coord of TEdit from "80" to "78" inside TGroupBox.
Hint: Changed Top coord of TEdit from "284" to "270" inside TGroupBox.
Hint: Changed Left coord of TEdit from "80" to "78" inside TGroupBox.
Hint: Changed Top coord of TEdit from "252" to "238" inside TGroupBox.
Hint: Changed Left coord of TEdit from "80" to "78" inside TGroupBox.
Hint: Changed Top coord of TEdit from "220" to "206" inside TGroupBox.
Hint: Changed Left coord of TEdit from "80" to "78" inside TGroupBox.
Hint: Changed Top coord of TEdit from "188" to "174" inside TGroupBox.
Hint: Changed Left coord of TEdit from "80" to "78" inside TGroupBox.
Hint: Changed Top coord of TEdit from "156" to "142" inside TGroupBox.
Hint: Changed Left coord of TEdit from "80" to "78" inside TGroupBox.
Hint: Changed Top coord of TEdit from "124" to "110" inside TGroupBox.
Hint: Changed Left coord of TEdit from "80" to "78" inside TGroupBox.
Hint: Changed Top coord of TEdit from "92" to "78" inside TGroupBox.
Hint: Changed Left coord of TEdit from "80" to "78" inside TGroupBox.
Hint: Changed Top coord of TEdit from "60" to "46" inside TGroupBox.
Hint: Changed Left coord of TEdit from "80" to "78" inside TGroupBox.
Hint: Changed Top coord of TEdit from "348" to "334" inside TGroupBox.
Hint: Changed Left coord of TEdit from "16" to "14" inside TGroupBox.
Hint: Changed Top coord of TEdit from "316" to "302" inside TGroupBox.
Hint: Changed Left coord of TEdit from "16" to "14" inside TGroupBox.
Hint: Changed Top coord of TEdit from "284" to "270" inside TGroupBox.
Hint: Changed Left coord of TEdit from "16" to "14" inside TGroupBox.
Hint: Changed Top coord of TEdit from "252" to "238" inside TGroupBox.
Hint: Changed Left coord of TEdit from "16" to "14" inside TGroupBox.
Hint: Changed Top coord of TEdit from "220" to "206" inside TGroupBox.
Hint: Changed Left coord of TEdit from "16" to "14" inside TGroupBox.
Hint: Changed Top coord of TEdit from "188" to "174" inside TGroupBox.
Hint: Changed Left coord of TEdit from "16" to "14" inside TGroupBox.
Hint: Changed Top coord of TEdit from "156" to "142" inside TGroupBox.
Hint: Changed Left coord of TEdit from "16" to "14" inside TGroupBox.
Hint: Changed Top coord of TEdit from "124" to "110" inside TGroupBox.
Hint: Changed Left coord of TEdit from "16" to "14" inside TGroupBox.
Hint: Changed Top coord of TEdit from "92" to "78" inside TGroupBox.
Hint: Changed Left coord of TEdit from "16" to "14" inside TGroupBox.
Hint: Changed Top coord of TEdit from "60" to "46" inside TGroupBox.
Hint: Changed Left coord of TEdit from "16" to "14" inside TGroupBox.
Hint: Changed Top coord of TEdit from "284" to "270" inside TGroupBox.
Hint: Changed Left coord of TEdit from "149" to "147" inside TGroupBox.
Hint: Changed Top coord of TLabel from "29" to "15" inside TGroupBox.
Hint: Changed Left coord of TLabel from "164" to "162" inside TGroupBox.
Hint: Changed Top coord of TLabel from "29" to "15" inside TGroupBox.
Hint: Changed Left coord of TLabel from "98" to "96" inside TGroupBox.
Hint: Changed Top coord of TLabel from "29" to "15" inside TGroupBox.
Hint: Changed Left coord of TLabel from "32" to "30" inside TGroupBox.
Hint: Changed Top coord of TEdit from "28" to "14" inside TGroupBox.
Hint: Changed Left coord of TEdit from "56" to "54" inside TGroupBox.
Hint: Changed Top coord of TEdit from "348" to "334" inside TGroupBox.
Hint: Changed Left coord of TEdit from "248" to "246" inside TGroupBox.
Hint: Changed Top coord of TEdit from "316" to "302" inside TGroupBox.
Hint: Changed Left coord of TEdit from "248" to "246" inside TGroupBox.
Hint: Changed Top coord of TEdit from "284" to "270" inside TGroupBox.
Hint: Changed Left coord of TEdit from "248" to "246" inside TGroupBox.
Hint: Changed Top coord of TEdit from "252" to "238" inside TGroupBox.
Hint: Changed Left coord of TEdit from "248" to "246" inside TGroupBox.
Hint: Changed Top coord of TEdit from "220" to "206" inside TGroupBox.
Hint: Changed Left coord of TEdit from "248" to "246" inside TGroupBox.
Hint: Changed Top coord of TEdit from "188" to "174" inside TGroupBox.
Hint: Changed Left coord of TEdit from "248" to "246" inside TGroupBox.
Hint: Changed Top coord of TEdit from "156" to "142" inside TGroupBox.
Hint: Changed Left coord of TEdit from "248" to "246" inside TGroupBox.
Hint: Changed Top coord of TEdit from "124" to "110" inside TGroupBox.
Hint: Changed Left coord of TEdit from "248" to "246" inside TGroupBox.
Hint: Changed Top coord of TEdit from "92" to "78" inside TGroupBox.
Hint: Changed Left coord of TEdit from "248" to "246" inside TGroupBox.
Hint: Changed Top coord of TEdit from "60" to "46" inside TGroupBox.
Hint: Changed Left coord of TEdit from "248" to "246" inside TGroupBox.
Hint: Changed Top coord of TEdit from "348" to "334" inside TGroupBox.
Hint: Changed Left coord of TEdit from "184" to "182" inside TGroupBox.
Hint: Changed Top coord of TEdit from "316" to "302" inside TGroupBox.
Hint: Changed Left coord of TEdit from "184" to "182" inside TGroupBox.
Hint: Changed Top coord of TEdit from "284" to "270" inside TGroupBox.
Hint: Changed Left coord of TEdit from "184" to "182" inside TGroupBox.
Hint: Changed Top coord of TEdit from "252" to "238" inside TGroupBox.
Hint: Changed Left coord of TEdit from "184" to "182" inside TGroupBox.
Hint: Changed Top coord of TEdit from "220" to "206" inside TGroupBox.
Hint: Changed Left coord of TEdit from "184" to "182" inside TGroupBox.
Hint: Changed Top coord of TEdit from "188" to "174" inside TGroupBox.
Hint: Changed Left coord of TEdit from "184" to "182" inside TGroupBox.
Hint: Changed Top coord of TEdit from "156" to "142" inside TGroupBox.
Hint: Changed Left coord of TEdit from "184" to "182" inside TGroupBox.
Hint: Changed Top coord of TEdit from "124" to "110" inside TGroupBox.
Hint: Changed Left coord of TEdit from "184" to "182" inside TGroupBox.
Hint: Changed Top coord of TEdit from "92" to "78" inside TGroupBox.
Hint: Changed Left coord of TEdit from "184" to "182" inside TGroupBox.
Hint: Changed Top coord of TEdit from "60" to "46" inside TGroupBox.
Hint: Changed Left coord of TEdit from "184" to "182" inside TGroupBox.
Hint: Changed Top coord of TEdit from "348" to "334" inside TGroupBox.
Hint: Changed Left coord of TEdit from "120" to "118" inside TGroupBox.
Hint: Changed Top coord of TEdit from "316" to "302" inside TGroupBox.
Hint: Changed Left coord of TEdit from "120" to "118" inside TGroupBox.
Hint: Changed Top coord of TEdit from "284" to "270" inside TGroupBox.
Hint: Changed Left coord of TEdit from "120" to "118" inside TGroupBox.
Hint: Changed Top coord of TEdit from "252" to "238" inside TGroupBox.
Hint: Changed Left coord of TEdit from "120" to "118" inside TGroupBox.
Hint: Changed Top coord of TEdit from "220" to "206" inside TGroupBox.
Hint: Changed Left coord of TEdit from "120" to "118" inside TGroupBox.
Hint: Changed Top coord of TEdit from "188" to "174" inside TGroupBox.
Hint: Changed Left coord of TEdit from "120" to "118" inside TGroupBox.
Hint: Changed Top coord of TEdit from "156" to "142" inside TGroupBox.
Hint: Changed Left coord of TEdit from "120" to "118" inside TGroupBox.
Hint: Changed Top coord of TEdit from "124" to "110" inside TGroupBox.
Hint: Changed Left coord of TEdit from "120" to "118" inside TGroupBox.
Hint: Changed Top coord of TEdit from "92" to "78" inside TGroupBox.
Hint: Changed Left coord of TEdit from "120" to "118" inside TGroupBox.
Hint: Changed Top coord of TEdit from "60" to "46" inside TGroupBox.
Hint: Changed Left coord of TEdit from "120" to "118" inside TGroupBox.
Hint: Changed Top coord of TEdit from "348" to "334" inside TGroupBox.
Hint: Changed Left coord of TEdit from "56" to "54" inside TGroupBox.
Hint: Changed Top coord of TEdit from "316" to "302" inside TGroupBox.
Hint: Changed Left coord of TEdit from "56" to "54" inside TGroupBox.
Hint: Changed Top coord of TEdit from "284" to "270" inside TGroupBox.
Hint: Changed Left coord of TEdit from "56" to "54" inside TGroupBox.
Hint: Changed Top coord of TEdit from "252" to "238" inside TGroupBox.
Hint: Changed Left coord of TEdit from "56" to "54" inside TGroupBox.
Hint: Changed Top coord of TEdit from "220" to "206" inside TGroupBox.
Hint: Changed Left coord of TEdit from "56" to "54" inside TGroupBox.
Hint: Changed Top coord of TEdit from "188" to "174" inside TGroupBox.
Hint: Changed Left coord of TEdit from "56" to "54" inside TGroupBox.
Hint: Changed Top coord of TEdit from "156" to "142" inside TGroupBox.
Hint: Changed Left coord of TEdit from "56" to "54" inside TGroupBox.
Hint: Changed Top coord of TEdit from "124" to "110" inside TGroupBox.
Hint: Changed Left coord of TEdit from "56" to "54" inside TGroupBox.
Hint: Changed Top coord of TEdit from "92" to "78" inside TGroupBox.
Hint: Changed Left coord of TEdit from "56" to "54" inside TGroupBox.
Hint: Changed Top coord of TEdit from "60" to "46" inside TGroupBox.
Hint: Changed Left coord of TEdit from "56" to "54" inside TGroupBox.
Hint: Changed Top coord of TLabel from "29" to "15" inside TGroupBox.
Hint: Changed Left coord of TLabel from "260" to "258" inside TGroupBox.
Hint: Changed Top coord of TLabel from "29" to "15" inside TGroupBox.
Hint: Changed Left coord of TLabel from "202" to "200" inside TGroupBox.
Hint: Changed Top coord of TLabel from "29" to "15" inside TGroupBox.
Hint: Changed Left coord of TLabel from "136" to "134" inside TGroupBox.
Hint: Changed Top coord of TLabel from "349" to "335" inside TGroupBox.
Hint: Changed Left coord of TLabel from "16" to "14" inside TGroupBox.
Hint: Changed Top coord of TLabel from "317" to "303" inside TGroupBox.
Hint: Changed Left coord of TLabel from "16" to "14" inside TGroupBox.
Hint: Changed Top coord of TLabel from "285" to "271" inside TGroupBox.
Hint: Changed Left coord of TLabel from "16" to "14" inside TGroupBox.
Hint: Changed Top coord of TLabel from "253" to "239" inside TGroupBox.
Hint: Changed Left coord of TLabel from "16" to "14" inside TGroupBox.
Hint: Changed Top coord of TLabel from "189" to "175" inside TGroupBox.
Hint: Changed Left coord of TLabel from "16" to "14" inside TGroupBox.
Hint: Changed Top coord of TLabel from "157" to "143" inside TGroupBox.
Hint: Changed Left coord of TLabel from "16" to "14" inside TGroupBox.
Hint: Changed Top coord of TLabel from "125" to "111" inside TGroupBox.
Hint: Changed Left coord of TLabel from "16" to "14" inside TGroupBox.
Hint: Changed Top coord of TLabel from "93" to "79" inside TGroupBox.
Hint: Changed Left coord of TLabel from "16" to "14" inside TGroupBox.
Hint: Changed Top coord of TLabel from "61" to "47" inside TGroupBox.
Hint: Changed Left coord of TLabel from "16" to "14" inside TGroupBox.
Hint: Changed Top coord of TLabel from "221" to "207" inside TGroupBox.
Hint: Changed Left coord of TLabel from "16" to "14" inside TGroupBox.
Hint: Changed Top coord of TCheckBox from "24" to "10" inside TGroupBox.
Hint: Changed Left coord of TCheckBox from "160" to "158" inside TGroupBox.
Hint: Changed Top coord of TButton from "16" to "2" inside TGroupBox.
Hint: Changed Left coord of TButton from "390" to "388" inside TGroupBox.
Hint: Changed Top coord of TEdit from "20" to "6" inside TGroupBox.
Hint: Changed Left coord of TEdit from "328" to "326" inside TGroupBox.
Hint: Changed Top coord of TLabel from "25" to "11" inside TGroupBox.
Hint: Changed Left coord of TLabel from "8" to "6" inside TGroupBox.
Hint: Changed Top coord of TLabel from "25" to "11" inside TGroupBox.
Hint: Changed Left coord of TLabel from "216" to "214" inside TGroupBox.
Hint: Changed Top coord of TEdit from "92" to "78" inside TGroupBox.
Hint: Changed Left coord of TEdit from "112" to "110" inside TGroupBox.
Hint: Changed Top coord of TEdit from "56" to "42" inside TGroupBox.
Hint: Changed Left coord of TEdit from "320" to "318" inside TGroupBox.
Hint: Changed Top coord of TEdit from "56" to "42" inside TGroupBox.
Hint: Changed Left coord of TEdit from "256" to "254" inside TGroupBox.
Hint: Changed Top coord of TEdit from "56" to "42" inside TGroupBox.
Hint: Changed Left coord of TEdit from "192" to "190" inside TGroupBox.
Hint: Changed Top coord of TEdit from "56" to "42" inside TGroupBox.
Hint: Changed Left coord of TEdit from "112" to "110" inside TGroupBox.
Hint: Changed Top coord of TLabel from "93" to "79" inside TGroupBox.
Hint: Changed Left coord of TLabel from "64" to "62" inside TGroupBox.
Hint: Changed Top coord of TLabel from "24" to "10" inside TGroupBox.
Hint: Changed Left coord of TLabel from "332" to "330" inside TGroupBox.
Hint: Changed Top coord of TLabel from "24" to "10" inside TGroupBox.
Hint: Changed Left coord of TLabel from "266" to "264" inside TGroupBox.
Hint: Changed Top coord of TLabel from "24" to "10" inside TGroupBox.
Hint: Changed Left coord of TLabel from "203" to "201" inside TGroupBox.
Hint: Changed Top coord of TLabel from "56" to "42" inside TGroupBox.
Hint: Changed Left coord of TLabel from "16" to "14" inside TGroupBox.
Hint: * Fixing used units for file C:\Users\rzfzr\Desktop\GitGud\Delphi-Conversion\Absorvância - PIC-SC 0.1\converted\Unit1.pas *
Hint: * Repairing form file C:\Users\rzfzr\Desktop\GitGud\Delphi-Conversion\Absorvância - PIC-SC 0.1\converted\Unit2.lfm *
Hint: Removed property "TextHeight".
Hint: Removed property "OldCreateOrder".
Hint: Changed Top coord of TEdit from "380" to "366" inside TGroupBox.
Hint: Changed Left coord of TEdit from "216" to "214" inside TGroupBox.
Hint: Changed Top coord of TEdit from "348" to "334" inside TGroupBox.
Hint: Changed Left coord of TEdit from "216" to "214" inside TGroupBox.
Hint: Changed Top coord of TEdit from "316" to "302" inside TGroupBox.
Hint: Changed Left coord of TEdit from "216" to "214" inside TGroupBox.
Hint: Changed Top coord of TEdit from "284" to "270" inside TGroupBox.
Hint: Changed Left coord of TEdit from "216" to "214" inside TGroupBox.
Hint: Changed Top coord of TEdit from "252" to "238" inside TGroupBox.
Hint: Changed Left coord of TEdit from "216" to "214" inside TGroupBox.
Hint: Changed Top coord of TEdit from "218" to "204" inside TGroupBox.
Hint: Changed Left coord of TEdit from "216" to "214" inside TGroupBox.
Hint: Changed Top coord of TEdit from "186" to "172" inside TGroupBox.
Hint: Changed Left coord of TEdit from "216" to "214" inside TGroupBox.
Hint: Changed Top coord of TEdit from "154" to "140" inside TGroupBox.
Hint: Changed Left coord of TEdit from "216" to "214" inside TGroupBox.
Hint: Changed Top coord of TEdit from "122" to "108" inside TGroupBox.
Hint: Changed Left coord of TEdit from "216" to "214" inside TGroupBox.
Hint: Changed Top coord of TEdit from "90" to "76" inside TGroupBox.
Hint: Changed Left coord of TEdit from "216" to "214" inside TGroupBox.
Hint: Changed Top coord of TEdit from "380" to "366" inside TGroupBox.
Hint: Changed Left coord of TEdit from "144" to "142" inside TGroupBox.
Hint: Changed Top coord of TEdit from "348" to "334" inside TGroupBox.
Hint: Changed Left coord of TEdit from "144" to "142" inside TGroupBox.
Hint: Changed Top coord of TEdit from "316" to "302" inside TGroupBox.
Hint: Changed Left coord of TEdit from "144" to "142" inside TGroupBox.
Hint: Changed Top coord of TEdit from "284" to "270" inside TGroupBox.
Hint: Changed Left coord of TEdit from "144" to "142" inside TGroupBox.
Hint: Changed Top coord of TEdit from "252" to "238" inside TGroupBox.
Hint: Changed Left coord of TEdit from "144" to "142" inside TGroupBox.
Hint: Changed Top coord of TEdit from "218" to "204" inside TGroupBox.
Hint: Changed Left coord of TEdit from "144" to "142" inside TGroupBox.
Hint: Changed Top coord of TEdit from "186" to "172" inside TGroupBox.
Hint: Changed Left coord of TEdit from "144" to "142" inside TGroupBox.
Hint: Changed Top coord of TEdit from "154" to "140" inside TGroupBox.
Hint: Changed Left coord of TEdit from "144" to "142" inside TGroupBox.
Hint: Changed Top coord of TEdit from "122" to "108" inside TGroupBox.
Hint: Changed Left coord of TEdit from "144" to "142" inside TGroupBox.
Hint: Changed Top coord of TEdit from "90" to "76" inside TGroupBox.
Hint: Changed Left coord of TEdit from "144" to "142" inside TGroupBox.
Hint: Changed Top coord of TEdit from "380" to "366" inside TGroupBox.
Hint: Changed Left coord of TEdit from "72" to "70" inside TGroupBox.
Hint: Changed Top coord of TEdit from "348" to "334" inside TGroupBox.
Hint: Changed Left coord of TEdit from "72" to "70" inside TGroupBox.
Hint: Changed Top coord of TEdit from "316" to "302" inside TGroupBox.
Hint: Changed Left coord of TEdit from "72" to "70" inside TGroupBox.
Hint: Changed Top coord of TEdit from "284" to "270" inside TGroupBox.
Hint: Changed Left coord of TEdit from "72" to "70" inside TGroupBox.
Hint: Changed Top coord of TEdit from "252" to "238" inside TGroupBox.
Hint: Changed Left coord of TEdit from "72" to "70" inside TGroupBox.
Hint: Changed Top coord of TEdit from "218" to "204" inside TGroupBox.
Hint: Changed Left coord of TEdit from "72" to "70" inside TGroupBox.
Hint: Changed Top coord of TEdit from "186" to "172" inside TGroupBox.
Hint: Changed Left coord of TEdit from "72" to "70" inside TGroupBox.
Hint: Changed Top coord of TEdit from "154" to "140" inside TGroupBox.
Hint: Changed Left coord of TEdit from "72" to "70" inside TGroupBox.
Hint: Changed Top coord of TEdit from "122" to "108" inside TGroupBox.
Hint: Changed Left coord of TEdit from "72" to "70" inside TGroupBox.
Hint: Changed Top coord of TEdit from "90" to "76" inside TGroupBox.
Hint: Changed Left coord of TEdit from "72" to "70" inside TGroupBox.
Hint: Changed Top coord of TLabel from "40" to "26" inside TGroupBox.
Hint: Changed Left coord of TLabel from "216" to "214" inside TGroupBox.
Hint: Changed Top coord of TLabel from "40" to "26" inside TGroupBox.
Hint: Changed Left coord of TLabel from "142" to "140" inside TGroupBox.
Hint: Changed Top coord of TLabel from "40" to "26" inside TGroupBox.
Hint: Changed Left coord of TLabel from "71" to "69" inside TGroupBox.
Hint: Changed Top coord of TLabel from "381" to "367" inside TGroupBox.
Hint: Changed Left coord of TLabel from "24" to "22" inside TGroupBox.
Hint: Changed Top coord of TLabel from "349" to "335" inside TGroupBox.
Hint: Changed Left coord of TLabel from "24" to "22" inside TGroupBox.
Hint: Changed Top coord of TLabel from "317" to "303" inside TGroupBox.
Hint: Changed Left coord of TLabel from "24" to "22" inside TGroupBox.
Hint: Changed Top coord of TLabel from "285" to "271" inside TGroupBox.
Hint: Changed Left coord of TLabel from "24" to "22" inside TGroupBox.
Hint: Changed Top coord of TLabel from "253" to "239" inside TGroupBox.
Hint: Changed Left coord of TLabel from "24" to "22" inside TGroupBox.
Hint: Changed Top coord of TLabel from "226" to "212" inside TGroupBox.
Hint: Changed Left coord of TLabel from "24" to "22" inside TGroupBox.
Hint: Changed Top coord of TLabel from "162" to "148" inside TGroupBox.
Hint: Changed Left coord of TLabel from "24" to "22" inside TGroupBox.
Hint: Changed Top coord of TLabel from "130" to "116" inside TGroupBox.
Hint: Changed Left coord of TLabel from "24" to "22" inside TGroupBox.
Hint: Changed Top coord of TLabel from "98" to "84" inside TGroupBox.
Hint: Changed Left coord of TLabel from "24" to "22" inside TGroupBox.
Hint: Changed Top coord of TLabel from "194" to "180" inside TGroupBox.
Hint: Changed Left coord of TLabel from "24" to "22" inside TGroupBox.
Hint: Changed Top coord of TEdit from "96" to "82" inside TGroupBox.
Hint: Changed Left coord of TEdit from "64" to "62" inside TGroupBox.
Hint: Changed Top coord of TEdit from "48" to "34" inside TGroupBox.
Hint: Changed Left coord of TEdit from "64" to "62" inside TGroupBox.
Hint: Changed Top coord of TEdit from "353" to "339" inside TGroupBox.
Hint: Changed Left coord of TEdit from "64" to "62" inside TGroupBox.
Hint: Changed Top coord of TEdit from "321" to "307" inside TGroupBox.
Hint: Changed Left coord of TEdit from "64" to "62" inside TGroupBox.
Hint: Changed Top coord of TEdit from "289" to "275" inside TGroupBox.
Hint: Changed Left coord of TEdit from "64" to "62" inside TGroupBox.
Hint: Changed Top coord of TEdit from "257" to "243" inside TGroupBox.
Hint: Changed Left coord of TEdit from "64" to "62" inside TGroupBox.
Hint: Changed Top coord of TEdit from "225" to "211" inside TGroupBox.
Hint: Changed Left coord of TEdit from "64" to "62" inside TGroupBox.
Hint: Changed Top coord of TEdit from "193" to "179" inside TGroupBox.
Hint: Changed Left coord of TEdit from "64" to "62" inside TGroupBox.
Hint: Changed Top coord of TEdit from "161" to "147" inside TGroupBox.
Hint: Changed Left coord of TEdit from "64" to "62" inside TGroupBox.
Hint: Changed Top coord of TEdit from "129" to "115" inside TGroupBox.
Hint: Changed Left coord of TEdit from "64" to "62" inside TGroupBox.
Hint: Changed Top coord of TEdit from "385" to "371" inside TGroupBox.
Hint: Changed Left coord of TEdit from "280" to "278" inside TGroupBox.
Hint: Changed Top coord of TEdit from "353" to "339" inside TGroupBox.
Hint: Changed Left coord of TEdit from "280" to "278" inside TGroupBox.
Hint: Changed Top coord of TEdit from "321" to "307" inside TGroupBox.
Hint: Changed Left coord of TEdit from "280" to "278" inside TGroupBox.
Hint: Changed Top coord of TEdit from "289" to "275" inside TGroupBox.
Hint: Changed Left coord of TEdit from "280" to "278" inside TGroupBox.
Hint: Changed Top coord of TEdit from "257" to "243" inside TGroupBox.
Hint: Changed Left coord of TEdit from "280" to "278" inside TGroupBox.
Hint: Changed Top coord of TEdit from "225" to "211" inside TGroupBox.
Hint: Changed Left coord of TEdit from "280" to "278" inside TGroupBox.
Hint: Changed Top coord of TEdit from "193" to "179" inside TGroupBox.
Hint: Changed Left coord of TEdit from "280" to "278" inside TGroupBox.
Hint: Changed Top coord of TEdit from "161" to "147" inside TGroupBox.
Hint: Changed Left coord of TEdit from "280" to "278" inside TGroupBox.
Hint: Changed Top coord of TEdit from "129" to "115" inside TGroupBox.
Hint: Changed Left coord of TEdit from "280" to "278" inside TGroupBox.
Hint: Changed Top coord of TEdit from "96" to "82" inside TGroupBox.
Hint: Changed Left coord of TEdit from "280" to "278" inside TGroupBox.
Hint: Changed Top coord of TEdit from "385" to "371" inside TGroupBox.
Hint: Changed Left coord of TEdit from "208" to "206" inside TGroupBox.
Hint: Changed Top coord of TEdit from "353" to "339" inside TGroupBox.
Hint: Changed Left coord of TEdit from "208" to "206" inside TGroupBox.
Hint: Changed Top coord of TEdit from "321" to "307" inside TGroupBox.
Hint: Changed Left coord of TEdit from "208" to "206" inside TGroupBox.
Hint: Changed Top coord of TEdit from "289" to "275" inside TGroupBox.
Hint: Changed Left coord of TEdit from "208" to "206" inside TGroupBox.
Hint: Changed Top coord of TEdit from "257" to "243" inside TGroupBox.
Hint: Changed Left coord of TEdit from "208" to "206" inside TGroupBox.
Hint: Changed Top coord of TEdit from "225" to "211" inside TGroupBox.
Hint: Changed Left coord of TEdit from "208" to "206" inside TGroupBox.
Hint: Changed Top coord of TEdit from "193" to "179" inside TGroupBox.
Hint: Changed Left coord of TEdit from "208" to "206" inside TGroupBox.
Hint: Changed Top coord of TEdit from "161" to "147" inside TGroupBox.
Hint: Changed Left coord of TEdit from "208" to "206" inside TGroupBox.
Hint: Changed Top coord of TEdit from "129" to "115" inside TGroupBox.
Hint: Changed Left coord of TEdit from "208" to "206" inside TGroupBox.
Hint: Changed Top coord of TEdit from "96" to "82" inside TGroupBox.
Hint: Changed Left coord of TEdit from "208" to "206" inside TGroupBox.
Hint: Changed Top coord of TEdit from "385" to "371" inside TGroupBox.
Hint: Changed Left coord of TEdit from "136" to "134" inside TGroupBox.
Hint: Changed Top coord of TEdit from "353" to "339" inside TGroupBox.
Hint: Changed Left coord of TEdit from "136" to "134" inside TGroupBox.
Hint: Changed Top coord of TEdit from "321" to "307" inside TGroupBox.
Hint: Changed Left coord of TEdit from "136" to "134" inside TGroupBox.
Hint: Changed Top coord of TEdit from "289" to "275" inside TGroupBox.
Hint: Changed Left coord of TEdit from "136" to "134" inside TGroupBox.
Hint: Changed Top coord of TEdit from "257" to "243" inside TGroupBox.
Hint: Changed Left coord of TEdit from "136" to "134" inside TGroupBox.
Hint: Changed Top coord of TEdit from "225" to "211" inside TGroupBox.
Hint: Changed Left coord of TEdit from "136" to "134" inside TGroupBox.
Hint: Changed Top coord of TEdit from "193" to "179" inside TGroupBox.
Hint: Changed Left coord of TEdit from "136" to "134" inside TGroupBox.
Hint: Changed Top coord of TEdit from "161" to "147" inside TGroupBox.
Hint: Changed Left coord of TEdit from "136" to "134" inside TGroupBox.
Hint: Changed Top coord of TEdit from "129" to "115" inside TGroupBox.
Hint: Changed Left coord of TEdit from "136" to "134" inside TGroupBox.
Hint: Changed Top coord of TEdit from "96" to "82" inside TGroupBox.
Hint: Changed Left coord of TEdit from "136" to "134" inside TGroupBox.
Hint: Changed Top coord of TEdit from "385" to "371" inside TGroupBox.
Hint: Changed Left coord of TEdit from "64" to "62" inside TGroupBox.
Hint: Changed Top coord of TLabel from "357" to "343" inside TGroupBox.
Hint: Changed Left coord of TLabel from "24" to "22" inside TGroupBox.
Hint: Changed Top coord of TLabel from "48" to "34" inside TGroupBox.
Hint: Changed Left coord of TLabel from "280" to "278" inside TGroupBox.
Hint: Changed Top coord of TLabel from "48" to "34" inside TGroupBox.
Hint: Changed Left coord of TLabel from "208" to "206" inside TGroupBox.
Hint: Changed Top coord of TLabel from "48" to "34" inside TGroupBox.
Hint: Changed Left coord of TLabel from "128" to "126" inside TGroupBox.
Hint: Changed Top coord of TLabel from "389" to "375" inside TGroupBox.
Hint: Changed Left coord of TLabel from "16" to "14" inside TGroupBox.
Hint: Changed Top coord of TLabel from "325" to "311" inside TGroupBox.
Hint: Changed Left coord of TLabel from "24" to "22" inside TGroupBox.
Hint: Changed Top coord of TLabel from "293" to "279" inside TGroupBox.
Hint: Changed Left coord of TLabel from "24" to "22" inside TGroupBox.
Hint: Changed Top coord of TLabel from "261" to "247" inside TGroupBox.
Hint: Changed Left coord of TLabel from "24" to "22" inside TGroupBox.
Hint: Changed Top coord of TLabel from "229" to "215" inside TGroupBox.
Hint: Changed Left coord of TLabel from "24" to "22" inside TGroupBox.
Hint: Changed Top coord of TLabel from "165" to "151" inside TGroupBox.
Hint: Changed Left coord of TLabel from "24" to "22" inside TGroupBox.
Hint: Changed Top coord of TLabel from "133" to "119" inside TGroupBox.
Hint: Changed Left coord of TLabel from "24" to "22" inside TGroupBox.
Hint: Changed Top coord of TLabel from "197" to "183" inside TGroupBox.
Hint: Changed Left coord of TLabel from "24" to "22" inside TGroupBox.
Hint: Changed Top coord of TLabel from "96" to "82" inside TGroupBox.
Hint: Changed Left coord of TLabel from "24" to "22" inside TGroupBox.
Hint: Changed Top coord of TBitBtn from "88" to "74" inside TGroupBox.
Hint: Changed Left coord of TBitBtn from "384" to "382" inside TGroupBox.
Hint: Changed Top coord of TBitBtn from "56" to "42" inside TGroupBox.
Hint: Changed Left coord of TBitBtn from "384" to "382" inside TGroupBox.
Hint: Changed Top coord of TBitBtn from "24" to "10" inside TGroupBox.
Hint: Changed Left coord of TBitBtn from "384" to "382" inside TGroupBox.
Hint: Changed Top coord of TEdit from "48" to "34" inside TGroupBox.
Hint: Changed Left coord of TEdit from "88" to "86" inside TGroupBox.
Hint: Changed Top coord of TEdit from "80" to "66" inside TGroupBox.
Hint: Changed Left coord of TEdit from "88" to "86" inside TGroupBox.
Hint: Changed Top coord of TEdit from "80" to "66" inside TGroupBox.
Hint: Changed Left coord of TEdit from "152" to "150" inside TGroupBox.
Hint: Changed Top coord of TEdit from "80" to "66" inside TGroupBox.
Hint: Changed Left coord of TEdit from "224" to "222" inside TGroupBox.
Hint: Changed Top coord of TEdit from "80" to "66" inside TGroupBox.
Hint: Changed Left coord of TEdit from "296" to "294" inside TGroupBox.
Hint: Changed Top coord of TLabel from "80" to "66" inside TGroupBox.
Hint: Changed Left coord of TLabel from "56" to "54" inside TGroupBox.
Hint: Changed Top coord of TLabel from "48" to "34" inside TGroupBox.
Hint: Changed Left coord of TLabel from "8" to "6" inside TGroupBox.
Hint: Changed Top coord of TLabel from "48" to "34" inside TGroupBox.
Hint: Changed Left coord of TLabel from "224" to "222" inside TGroupBox.
Hint: Changed Top coord of TLabel from "48" to "34" inside TGroupBox.
Hint: Changed Left coord of TLabel from "152" to "150" inside TGroupBox.
Hint: Changed Top coord of TLabel from "48" to "34" inside TGroupBox.
Hint: Changed Left coord of TLabel from "296" to "294" inside TGroupBox.
Hint: * Fixing used units for file C:\Users\rzfzr\Desktop\GitGud\Delphi-Conversion\Absorvância - PIC-SC 0.1\converted\Unit2.pas *
Hint: * Repairing form file C:\Users\rzfzr\Desktop\GitGud\Delphi-Conversion\Absorvância - PIC-SC 0.1\converted\Unit3.lfm *
Hint: Removed property "TextHeight".
Hint: Removed property "OldCreateOrder".
Hint: Conversion took: 00:01:39
Hint: Conversion Ready.
